<?xml version="1.0" encoding="UTF-8"?>
<!-- Generated by org.testng.reporters.JUnitReportReporter -->
<testsuite hostname="LAPTOP-EQ5I6RK1" failures="0" tests="1" name="com.framework.Base.BaseClass" time="4.769" errors="0" timestamp="2023-11-18T22:48:37 IST" skipped="0">
  <testcase classname="com.framework.Base.BaseClass" name="openBrowser" time="4.769"/>
  <system-out/>
</testsuite> <!-- com.framework.Base.BaseClass -->
